C51 COMPILER V9.60.7.0   PUBLIC                                                            01/12/2024 15:34:17 PAGE 1   


C51 COMPILER V9.60.7.0, COMPILATION OF MODULE PUBLIC
OBJECT MODULE PLACED IN .\Objects\public.obj
COMPILER INVOKED BY: E:\Keil5\C51\BIN\C51.EXE public\public.c OPTIMIZE(8,SPEED) BROWSE INCDIR(.\public;.\UART;.\IRED;.\L
                    -CD1602) DEBUG OBJECTEXTEND PRINT(.\Listings\public.lst) TABS(2) OBJECT(.\Objects\public.obj)

line level    source

   1          #include "public.h"
   2          #include <REGX52.H>
   3          #include <INTRINS.H>
   4          
   5          void Delay10us(u16 xus){ // @11.0592MHz 
   6   1          while (xus--); 
   7   1      }
   8          
   9          void Delay(u16 xms) // copied from module 
  10          {
  11   1        u16 i,j;
  12   1        for(i= xms;i>0;i--)
  13   1          for(j=110;j>0;j--);
  14   1      }


MODULE INFORMATION:   STATIC OVERLAYABLE
   CODE SIZE        =     41    ----
   CONSTANT SIZE    =   ----    ----
   XDATA SIZE       =   ----    ----
   PDATA SIZE       =   ----    ----
   DATA SIZE        =   ----    ----
   IDATA SIZE       =   ----    ----
   BIT SIZE         =   ----    ----
END OF MODULE INFORMATION.


C51 COMPILATION COMPLETE.  0 WARNING(S),  0 ERROR(S)
